\BOOKMARK [1][-]{section.1}{\376\377\230\171\166\356\151\202\217\360}{}% 1
\BOOKMARK [2][-]{subsection.1.1}{\376\377\230\171\166\356\173\200\116\313}{section.1}% 2
\BOOKMARK [2][-]{subsection.1.2}{\376\377\230\171\166\356\133\232\117\115}{section.1}% 3
\BOOKMARK [2][-]{subsection.1.3}{\376\377\150\070\137\303\116\367\120\074}{section.1}% 4
\BOOKMARK [1][-]{section.2}{\376\377\136\002\127\072\165\333\160\271\116\016\230\171\166\356\147\072\117\032}{}% 5
\BOOKMARK [2][-]{subsection.2.1}{\376\377\117\040\176\337\144\256\124\010\136\163\123\360\177\072\134\021\147\072\122\066\213\276\213\241}{section.2}% 6
\BOOKMARK [2][-]{subsection.2.2}{\376\377\117\341\140\157\117\040\144\255\127\072\146\157\116\013\136\002\127\072\123\232\136\246\116\015\215\263}{section.2}% 7
\BOOKMARK [2][-]{subsection.2.3}{\376\377\123\314\217\271\116\244\146\023\116\055\166\204\167\037\133\236\142\245\116\367\225\356\230\230}{section.2}% 8
\BOOKMARK [2][-]{subsection.2.4}{\376\377\172\000\177\072\145\160\133\127\215\104\156\220\116\016\221\321\207\215\215\104\156\220\177\072\134\021\122\250\140\001\133\232\116\367\145\271\137\017}{section.2}% 9
\BOOKMARK [1][-]{section.3}{\376\377\150\070\137\303\147\072\122\066\116\016\116\247\124\301\145\271\150\110}{}% 10
\BOOKMARK [2][-]{subsection.3.1}{\376\377\147\072\122\066\213\276\213\241\166\356\150\007}{section.3}% 11
\BOOKMARK [2][-]{subsection.3.2}{\376\377\147\072\122\066\217\320\210\114\155\101\172\013}{section.3}% 12
\BOOKMARK [2][-]{subsection.3.3}{\376\377\117\341\140\157\117\040\144\255\116\016\220\200\213\367\157\300\122\261\213\276\213\241}{section.3}% 13
\BOOKMARK [2][-]{subsection.3.4}{\376\377\147\072\122\066\230\204\173\227\166\310\117\131\116\016\136\163\123\360\145\066\121\145\143\245\123\343}{section.3}% 14
\BOOKMARK [2][-]{subsection.3.5}{\376\377\116\377\167\037\133\236\232\214\116\016\147\072\122\066\232\214\213\301}{section.3}% 15
\BOOKMARK [1][-]{section.4}{\376\377\136\163\123\360\130\236\137\072\152\041\127\127}{}% 16
\BOOKMARK [2][-]{subsection.4.1}{\376\377\150\007\173\176\123\026\122\006\174\173\116\016\174\173\124\014\215\050\116\244\146\023\154\140}{section.4}% 17
\BOOKMARK [2][-]{subsection.4.2}{\376\377\117\341\165\050\143\007\145\160\152\041\127\127}{section.4}% 18
\BOOKMARK [2][-]{subsection.4.3}{\376\377\000S\000y\000b\000i\000l\000\040\230\316\143\247\152\041\127\127}{section.4}% 19
\BOOKMARK [2][-]{subsection.4.4}{\376\377\213\304\155\113\000\040\000A\000g\000e\000n\000t\000\040\116\016\116\272\135\345\131\015\150\070\147\072\122\066}{section.4}% 20
\BOOKMARK [1][-]{section.5}{\376\377\136\224\165\050\127\072\146\157\116\016\166\356\150\007\133\242\142\067}{}% 21
\BOOKMARK [2][-]{subsection.5.1}{\376\377\127\072\146\157\220\011\142\351\123\237\122\031}{section.5}% 22
\BOOKMARK [2][-]{subsection.5.2}{\376\377\173\054\116\000\116\073\127\072\146\157\377\032\000A\000I\000\040\173\227\122\233\145\366\225\364\162\107\116\244\146\023}{section.5}% 23
\BOOKMARK [2][-]{subsection.5.3}{\376\377\173\054\116\214\116\073\127\072\146\157\377\032\000A\000g\000e\000n\000t\000\040\116\373\122\241\142\147\210\114\124\015\230\235\116\244\146\023}{section.5}% 24
\BOOKMARK [2][-]{subsection.5.4}{\376\377\173\054\116\011\116\073\127\072\146\157\377\032\136\224\145\066\215\046\153\076\116\016\171\150\143\156\145\066\166\312\147\103\116\244\146\023}{section.5}% 25
\BOOKMARK [2][-]{subsection.5.5}{\376\377\142\323\134\125\127\072\146\157}{section.5}% 26
\BOOKMARK [1][-]{section.6}{\376\377\125\106\116\032\152\041\137\017\116\016\142\020\147\054\176\323\147\204}{}% 27
\BOOKMARK [2][-]{subsection.6.1}{\376\377\145\066\121\145\147\145\156\220}{section.6}% 28
\BOOKMARK [2][-]{subsection.6.2}{\376\377\142\020\147\054\176\323\147\204}{section.6}% 29
\BOOKMARK [2][-]{subsection.6.3}{\376\377\125\106\116\032\152\041\137\017\123\357\143\001\176\355\140\047}{section.6}% 30
\BOOKMARK [1][-]{section.7}{\376\377\204\075\127\060\211\304\122\022}{}% 31
\BOOKMARK [2][-]{subsection.7.1}{\376\377\173\054\116\000\226\066\153\265\377\032\147\072\122\066\213\276\213\241\116\016\116\377\167\037\232\214\213\301}{section.7}% 32
\BOOKMARK [2][-]{subsection.7.2}{\376\377\173\054\116\214\226\066\153\265\377\032\147\000\134\017\123\357\210\114\140\047\000M\000V\000P\000\040\123\237\127\213\137\000\123\321}{section.7}% 33
\BOOKMARK [2][-]{subsection.7.3}{\376\377\173\054\116\011\226\066\153\265\377\032\134\017\211\304\152\041\213\325\160\271}{section.7}% 34
\BOOKMARK [2][-]{subsection.7.4}{\376\377\173\054\126\333\226\066\153\265\377\032\130\236\137\072\152\041\127\127\143\245\121\145}{section.7}% 35
\BOOKMARK [2][-]{subsection.7.5}{\376\377\173\054\116\224\226\066\153\265\377\032\131\032\127\072\146\157\142\151\134\125}{section.7}% 36
\BOOKMARK [1][-]{section.8}{\376\377\230\316\226\151\122\006\147\220\116\016\136\224\133\371\143\252\145\275}{}% 37
\BOOKMARK [2][-]{subsection.8.1}{\376\377\136\002\127\072\121\267\124\057\122\250\230\316\226\151}{section.8}% 38
\BOOKMARK [2][-]{subsection.8.2}{\376\377\147\072\122\066\220\002\221\115\230\316\226\151}{section.8}% 39
\BOOKMARK [2][-]{subsection.8.3}{\376\377\117\341\165\050\116\016\000\040\000S\000y\000b\000i\000l\000\040\230\316\226\151}{section.8}% 40
\BOOKMARK [2][-]{subsection.8.4}{\376\377\122\006\174\173\213\304\122\006\230\316\226\151}{section.8}% 41
\BOOKMARK [2][-]{subsection.8.5}{\376\377\134\145\176\246\116\016\116\244\122\162\230\316\226\151}{section.8}% 42
\BOOKMARK [2][-]{subsection.8.6}{\376\377\124\010\211\304\116\016\145\160\143\156\133\211\121\150\230\316\226\151}{section.8}% 43
\BOOKMARK [2][-]{subsection.8.7}{\376\377\142\020\147\054\143\247\122\066\230\316\226\151}{section.8}% 44
\BOOKMARK [1][-]{section.9}{\376\377\123\321\134\125\122\115\146\157}{}% 45
\BOOKMARK [2][-]{subsection.9.1}{\376\377\136\163\123\360\225\177\147\037\116\367\120\074}{section.9}% 46
\BOOKMARK [2][-]{subsection.9.2}{\376\377\145\160\143\156\130\301\127\222\060\001\147\072\122\066\130\301\127\222\116\016\177\121\176\334\145\110\136\224}{section.9}% 47
\BOOKMARK [2][-]{subsection.9.3}{\376\377\221\321\207\215\171\321\142\200\127\072\146\157\116\013\166\204\136\366\134\125\172\172\225\364}{section.9}% 48
\BOOKMARK [1][-]{section.10}{\376\377\226\104\137\125\136\372\213\256}{}% 49
\BOOKMARK [2][-]{subsection.10.1}{\376\377\226\104\137\125\000\040\000A\377\032\150\070\137\303\147\072\122\066\213\364\146\016}{section.10}% 50
\BOOKMARK [2][-]{subsection.10.2}{\376\377\226\104\137\125\000\040\000B\377\032\116\377\167\037\133\236\232\214\123\302\145\160\116\016\176\323\147\234}{section.10}% 51
\BOOKMARK [2][-]{subsection.10.3}{\376\377\226\104\137\125\000\040\000C\377\032\117\341\165\050\143\007\145\160\116\016\000\040\000S\000y\000b\000i\000l\000\040\143\007\145\160\213\241\173\227\145\271\154\325}{section.10}% 52
\BOOKMARK [2][-]{subsection.10.4}{\376\377\226\104\137\125\000\040\000D\377\032\215\104\156\220\122\006\174\173\116\016\213\304\155\113\000\040\000A\000g\000e\000n\000t\000\040\213\276\213\241}{section.10}% 53
\BOOKMARK [2][-]{subsection.10.5}{\376\377\226\104\137\125\000\040\000E\377\032\213\325\160\271\127\072\146\157\217\320\204\045\145\271\150\110}{section.10}% 54
\BOOKMARK [1][-]{subsection.10.5}{\376\377\176\323\213\355}{}% 55
