\BOOKMARK [1][-]{section.1}{\376\377\230\171\166\356\144\130\211\201}{}% 1
\BOOKMARK [1][-]{section.2}{\376\377\230\171\166\356\200\314\146\157\116\016\136\002\127\072\165\333\160\271}{}% 2
\BOOKMARK [2][-]{subsection.2.1}{\376\377\221\307\215\055\136\002\127\072\116\055\166\204\173\126\165\145\140\047\123\132\137\010\226\276\116\345\143\247\122\066}{section.2}% 3
\BOOKMARK [2][-]{subsection.2.2}{\376\377\117\341\140\157\117\040\144\255\123\327\226\120\133\374\201\364\136\002\127\072\211\304\152\041\116\015\215\263}{section.2}% 4
\BOOKMARK [2][-]{subsection.2.3}{\376\377\134\100\220\350\117\233\227\000\131\061\210\141\226\115\117\116\144\256\124\010\145\110\163\207}{section.2}% 5
\BOOKMARK [1][-]{section.3}{\376\377\000I\000n\000F\000D\000T\000\040\166\204\150\070\137\303\116\244\146\023\147\072\122\066}{}% 6
\BOOKMARK [2][-]{subsection.3.1}{\376\377\147\072\122\066\140\073\211\310}{section.3}% 7
\BOOKMARK [2][-]{subsection.3.2}{\376\377\133\232\116\367\060\001\123\071\221\115\116\016\220\200\213\367\131\126\122\261}{section.3}% 8
\BOOKMARK [2][-]{subsection.3.3}{\376\377\000B\000a\000l\000a\000n\000c\000e\000\040\210\145\121\105\116\016\130\236\221\317\145\066\166\312}{section.3}% 9
\BOOKMARK [1][-]{section.4}{\376\377\116\247\124\301\174\373\176\337\116\016\116\032\122\241\225\355\163\257\377\032\147\072\122\066\131\202\117\125\204\075\127\060\116\072\136\163\123\360\122\237\200\375}{}% 10
\BOOKMARK [2][-]{subsection.4.1}{\376\377\116\160\145\271\221\307\215\055\172\357}{section.4}% 11
\BOOKMARK [2][-]{subsection.4.2}{\376\377\123\126\145\271\117\233\215\047\172\357}{section.4}% 12
\BOOKMARK [2][-]{subsection.4.3}{\376\377\136\163\123\360\144\256\124\010\116\016\000\040\000b\000a\000l\000a\000n\000c\000e\000\040\137\025\144\316}{section.4}% 13
\BOOKMARK [2][-]{subsection.4.4}{\376\377\220\200\213\367\060\001\230\316\143\247\116\016\226\062\131\163\135\353\174\373\176\337}{section.4}% 14
\BOOKMARK [2][-]{subsection.4.5}{\376\377\116\367\150\074\143\007\145\160\116\016\145\160\143\156\147\015\122\241}{section.4}% 15
\BOOKMARK [2][-]{subsection.4.6}{\376\377\117\233\136\224\224\376\221\321\207\215\143\245\123\343}{section.4}% 16
\BOOKMARK [1][-]{section.5}{\376\377\145\271\154\325\116\367\120\074\116\016\142\200\147\057\130\301\127\222\377\032\116\072\116\300\116\110\000\040\000I\000n\000F\000D\000T\000\040\146\364\131\175}{}% 17
\BOOKMARK [2][-]{subsection.5.1}{\376\377\211\343\121\263\116\367\150\074\116\015\220\017\146\016\377\032\116\316\213\342\116\367\122\060\123\314\217\271\116\367\150\074\123\321\163\260}{section.5}% 18
\BOOKMARK [2][-]{subsection.5.2}{\376\377\211\343\121\263\121\267\124\057\122\250\377\032\116\316\136\163\123\360\142\311\145\260\122\060\220\200\213\367\137\017\136\002\127\072\142\151\134\125}{section.5}% 19
\BOOKMARK [2][-]{subsection.5.3}{\376\377\211\343\121\263\134\100\220\350\117\233\227\000\131\061\210\141\377\032\122\250\140\001\000\040\000b\000a\000l\000a\000n\000c\000e\000\040\142\151\133\271}{section.5}% 20
\BOOKMARK [2][-]{subsection.5.4}{\376\377\211\343\121\263\220\200\213\367\131\127\122\051\377\032\116\244\146\023\225\001\133\232\060\001\131\126\122\261\226\224\171\273\116\016\226\062\131\163\135\353\230\316\143\247}{section.5}% 21
\BOOKMARK [2][-]{subsection.5.5}{\376\377\137\142\142\020\145\160\143\156\130\301\127\222\377\032\167\037\133\236\142\020\116\244\145\160\143\156\154\211\155\300}{section.5}% 22
\BOOKMARK [1][-]{section.6}{\376\377\147\072\122\066\116\377\167\037\116\016\145\110\163\207\122\006\147\220}{}% 23
\BOOKMARK [1][-]{section.7}{\376\377\125\106\116\032\152\041\137\017}{}% 24
\BOOKMARK [1][-]{section.8}{\376\377\166\356\150\007\133\242\142\067\116\016\136\224\165\050\127\072\146\157}{}% 25
\BOOKMARK [2][-]{subsection.8.1}{\376\377\173\054\116\000\226\066\153\265\377\032\165\037\234\234\230\337\147\120\221\307\215\055}{section.8}% 26
\BOOKMARK [2][-]{subsection.8.2}{\376\377\173\054\116\214\226\066\153\265\377\032\117\116\120\074\135\345\116\032\124\301\116\016\122\236\121\154\162\151\215\104\221\307\215\055}{section.8}% 27
\BOOKMARK [2][-]{subsection.8.3}{\376\377\173\054\116\011\226\066\153\265\377\032\123\073\203\157\200\027\147\120\173\111\137\072\166\321\173\241\127\072\146\157}{section.8}% 28
\BOOKMARK [1][-]{section.9}{\376\377\172\336\116\211\117\030\122\277}{}% 29
\BOOKMARK [1][-]{section.10}{\376\377\217\320\204\045\116\016\204\075\127\060\213\241\122\022}{}% 30
\BOOKMARK [2][-]{subsection.10.1}{\376\377\121\267\124\057\122\250\226\066\153\265}{section.10}% 31
\BOOKMARK [2][-]{subsection.10.2}{\376\377\213\325\160\271\232\214\213\301\226\066\153\265}{section.10}% 32
\BOOKMARK [2][-]{subsection.10.3}{\376\377\211\304\152\041\142\151\137\040\226\066\153\265}{section.10}% 33
\BOOKMARK [1][-]{section.11}{\376\377\230\316\226\151\116\016\136\224\133\371\143\252\145\275}{}% 34
\BOOKMARK [1][-]{section.12}{\376\377\123\321\134\125\141\077\146\157}{}% 35
\BOOKMARK [1][-]{section.13}{\376\377\230\171\166\356\116\000\123\345\213\335\140\073\176\323}{}% 36
